16:43:16 **** Incremental Build of configuration Release for project Debug_Circular_Buff ****
make all 
Building file: ../src/main.c
Invoking: AVR Compiler
avr-gcc -I/Users/robertirwin/Documents/MyC_HeaderFiles/CircularBuff/CircularBuff -I/usr/local/Cellar/avr-libc/1.8.1/avr/include -I/Users/robertirwin/Documents/MyC_HeaderFiles/AtMega328P/AtMega328P -Wall -Os -fpack-struct -fshort-enums -ffunction-sections -fdata-sections -std=gnu99 -funsigned-char -funsigned-bitfields -mmcu=atmega328p -DF_CPU=16000000UL -MMD -MP -MF"src/main.d" -MT"src/main.o" -c -o "src/main.o" "../src/main.c"
Finished building: ../src/main.c
 
Building target: Debug_Circular_Buff.elf
Invoking: AVR C Linker
avr-gcc -Wl,-Map,Debug_Circular_Buff.map -mmcu=atmega328p -o "Debug_Circular_Buff.elf"  ./src/AtMega328P_UART.o ./src/CircularBuff.o ./src/main.o   
Finished building target: Debug_Circular_Buff.elf
 
Invoking: AVR Create Extended Listing
avr-objdump -h -S Debug_Circular_Buff.elf  >"Debug_Circular_Buff.lss"
Finished building: Debug_Circular_Buff.lss
 
Create Flash image (ihex format)
avr-objcopy -R .eeprom -R .fuse -R .lock -R .signature -O ihex Debug_Circular_Buff.elf  "Debug_Circular_Buff.hex"
Finished building: Debug_Circular_Buff.hex
 
Create eeprom image (ihex format)
avr-objcopy -j .eeprom --no-change-warnings --change-section-lma .eeprom=0 -O ihex Debug_Circular_Buff.elf  "Debug_Circular_Buff.eep"
Finished building: Debug_Circular_Buff.eep
 
Invoking: Print Size
avr-size --format=avr --mcu=atmega328p Debug_Circular_Buff.elf
AVR Memory Usage
----------------
Device: atmega328p

Program:    1640 bytes (5.0% Full)
(.text + .data + .bootloader)

Data:         26 bytes (1.3% Full)
(.data + .bss + .noinit)


Finished building: sizedummy
 

16:43:16 Build Finished (took 182ms)

